<?xml version="1.0" encoding="UTF-8"?>
<!-- Generated by org.testng.reporters.JUnitReportReporter -->
<testsuite skipped="0" hostname="MacBook-Pro-4.local" name="com.herokuapp.theinternet.PositiveTests" tests="1" failures="0" timestamp="01 Nov 2019 16:41:04 GMT" time="9.547" errors="0">
  <testcase name="loginTest" time="9.547" classname="com.herokuapp.theinternet.PositiveTests"/>
</testsuite> <!-- com.herokuapp.theinternet.PositiveTests -->
